<?xml version="1.0" encoding="UTF-8"?>
<!-- Generated by org.testng.reporters.JUnitXMLReporter -->
<testsuite ignored="4" hostname="SHUBHAM" failures="0" tests="1" name="Default test" time="13.301" errors="0" timestamp="2024-09-22T13:23:56 IST">
  <testcase classname="com.automation.EntrataTests" name="testMultifamilyChallengesCards" time="2.153"/>
  <testcase classname="com.automation.EntrataTests" name="testHomePageTitle" time="0.0">
    <ignored/>
  </testcase> <!-- testHomePageTitle -->
  <testcase classname="com.automation.EntrataTests" name="testDynamicContentLoading" time="0.0">
    <ignored/>
  </testcase> <!-- testDynamicContentLoading -->
  <testcase classname="com.automation.EntrataTests" name="testSignInResidentLogin" time="0.0">
    <ignored/>
  </testcase> <!-- testSignInResidentLogin -->
  <testcase classname="com.automation.EntrataTests" name="testNavigateToBlogPage" time="0.0">
    <ignored/>
  </testcase> <!-- testNavigateToBlogPage -->
</testsuite> <!-- Default test -->
