<?xml version="1.0" encoding="UTF-8"?>
<testng-results ignored="4" total="5" passed="1" failed="0" skipped="0">
  <reporter-output>
  </reporter-output>
  <suite started-at="2024-09-22T13:23:42 IST" name="Default suite" finished-at="2024-09-22T13:23:56 IST" duration-ms="13301">
    <groups>
    </groups>
    <test started-at="2024-09-22T13:23:42 IST" name="Default test" finished-at="2024-09-22T13:23:56 IST" duration-ms="13301">
      <class name="com.automation.EntrataTests">
        <test-method is-config="true" signature="setup()[pri:0, instance:com.automation.EntrataTests@3ba987b8]" started-at="2024-09-22T13:23:43 IST" name="setup" finished-at="2024-09-22T13:23:53 IST" duration-ms="10719" status="PASS">
          <reporter-output>
          </reporter-output>
        </test-method> <!-- setup -->
        <test-method signature="testMultifamilyChallengesCards()[pri:0, instance:com.automation.EntrataTests@3ba987b8]" started-at="2024-09-22T13:23:53 IST" name="testMultifamilyChallengesCards" finished-at="2024-09-22T13:23:55 IST" duration-ms="2153" status="PASS">
          <reporter-output>
          </reporter-output>
        </test-method> <!-- testMultifamilyChallengesCards -->
        <test-method is-config="true" signature="tearDown()[pri:0, instance:com.automation.EntrataTests@3ba987b8]" started-at="2024-09-22T13:23:55 IST" name="tearDown" finished-at="2024-09-22T13:23:56 IST" duration-ms="363" status="PASS">
          <reporter-output>
          </reporter-output>
        </test-method> <!-- tearDown -->
      </class> <!-- com.automation.EntrataTests -->
    </test> <!-- Default test -->
  </suite> <!-- Default suite -->
</testng-results>
